[2023/05/01 15:36:02] ppcls INFO: 
===========================================================
==        PaddleClas is powered by PaddlePaddle !        ==
===========================================================
==                                                       ==
==   For more info please go to the following website.   ==
==                                                       ==
==       https://github.com/PaddlePaddle/PaddleClas      ==
===========================================================

[2023/05/01 15:36:02] ppcls INFO: Arch : 
[2023/05/01 15:36:02] ppcls INFO:     class_num : 4
[2023/05/01 15:36:02] ppcls INFO:     name : PPLCNet_x1_0
[2023/05/01 15:36:02] ppcls INFO:     pretrained : False
[2023/05/01 15:36:02] ppcls INFO:     use_ssld : True
[2023/05/01 15:36:02] ppcls INFO: DataLoader : 
[2023/05/01 15:36:02] ppcls INFO:     Eval : 
[2023/05/01 15:36:02] ppcls INFO:         dataset : 
[2023/05/01 15:36:02] ppcls INFO:             cls_label_path : /home/aistudio/work/cls/val_label.txt
[2023/05/01 15:36:02] ppcls INFO:             image_root : /home/aistudio/work/cls/
[2023/05/01 15:36:02] ppcls INFO:             name : ImageNetDataset
[2023/05/01 15:36:02] ppcls INFO:             transform_ops : 
[2023/05/01 15:36:02] ppcls INFO:                 DecodeImage : 
[2023/05/01 15:36:02] ppcls INFO:                     channel_first : False
[2023/05/01 15:36:02] ppcls INFO:                     to_rgb : True
[2023/05/01 15:36:02] ppcls INFO:                 ResizeImage : 
[2023/05/01 15:36:02] ppcls INFO:                     resize_short : 608
[2023/05/01 15:36:02] ppcls INFO:                 CropImage : 
[2023/05/01 15:36:02] ppcls INFO:                     size : 608
[2023/05/01 15:36:02] ppcls INFO:                 NormalizeImage : 
[2023/05/01 15:36:02] ppcls INFO:                     mean : [0.485, 0.456, 0.406]
[2023/05/01 15:36:02] ppcls INFO:                     order : 
[2023/05/01 15:36:02] ppcls INFO:                     scale : 1.0/255.0
[2023/05/01 15:36:02] ppcls INFO:                     std : [0.229, 0.224, 0.225]
[2023/05/01 15:36:02] ppcls INFO:         loader : 
[2023/05/01 15:36:02] ppcls INFO:             num_workers : 12
[2023/05/01 15:36:02] ppcls INFO:             use_shared_memory : True
[2023/05/01 15:36:02] ppcls INFO:         sampler : 
[2023/05/01 15:36:02] ppcls INFO:             batch_size : 64
[2023/05/01 15:36:02] ppcls INFO:             drop_last : False
[2023/05/01 15:36:02] ppcls INFO:             name : DistributedBatchSampler
[2023/05/01 15:36:02] ppcls INFO:             shuffle : False
[2023/05/01 15:36:02] ppcls INFO:     Train : 
[2023/05/01 15:36:02] ppcls INFO:         dataset : 
[2023/05/01 15:36:02] ppcls INFO:             cls_label_path : /home/aistudio/work/cls/train_label.txt
[2023/05/01 15:36:02] ppcls INFO:             image_root : /home/aistudio/work/cls/
[2023/05/01 15:36:02] ppcls INFO:             name : ImageNetDataset
[2023/05/01 15:36:02] ppcls INFO:             transform_ops : 
[2023/05/01 15:36:02] ppcls INFO:                 DecodeImage : 
[2023/05/01 15:36:02] ppcls INFO:                     channel_first : False
[2023/05/01 15:36:02] ppcls INFO:                     to_rgb : True
[2023/05/01 15:36:02] ppcls INFO:                 RandCropImage : 
[2023/05/01 15:36:02] ppcls INFO:                     size : 608
[2023/05/01 15:36:02] ppcls INFO:                 TimmAutoAugment : 
[2023/05/01 15:36:02] ppcls INFO:                     config_str : rand-m9-mstd0.5-inc1
[2023/05/01 15:36:02] ppcls INFO:                     img_size : 608
[2023/05/01 15:36:02] ppcls INFO:                     interpolation : bicubic
[2023/05/01 15:36:02] ppcls INFO:                     prob : 0.0
[2023/05/01 15:36:02] ppcls INFO:                 NormalizeImage : 
[2023/05/01 15:36:02] ppcls INFO:                     mean : [0.485, 0.456, 0.406]
[2023/05/01 15:36:02] ppcls INFO:                     order : 
[2023/05/01 15:36:02] ppcls INFO:                     scale : 1.0/255.0
[2023/05/01 15:36:02] ppcls INFO:                     std : [0.229, 0.224, 0.225]
[2023/05/01 15:36:02] ppcls INFO:                 RandomErasing : 
[2023/05/01 15:36:02] ppcls INFO:                     EPSILON : 0.0
[2023/05/01 15:36:02] ppcls INFO: ------------------------------------------------------------
[2023/05/01 15:36:02] ppcls INFO:                     attempt : 10
[2023/05/01 15:36:02] ppcls INFO:                     mode : pixel
[2023/05/01 15:36:02] ppcls INFO:                     r1 : 0.3
[2023/05/01 15:36:02] ppcls INFO:                     sh : 1.0/3.0
[2023/05/01 15:36:02] ppcls INFO:                     sl : 0.02
[2023/05/01 15:36:02] ppcls INFO:                     use_log_aspect : True
[2023/05/01 15:36:02] ppcls INFO:         loader : 
[2023/05/01 15:36:02] ppcls INFO:             num_workers : 12
[2023/05/01 15:36:02] ppcls INFO:             use_shared_memory : True
[2023/05/01 15:36:02] ppcls INFO:         sampler : 
[2023/05/01 15:36:02] ppcls INFO:             batch_size : 128
[2023/05/01 15:36:02] ppcls INFO:             drop_last : False
[2023/05/01 15:36:02] ppcls INFO:             name : DistributedBatchSampler
[2023/05/01 15:36:02] ppcls INFO:             shuffle : True
[2023/05/01 15:36:02] ppcls INFO: Global : 
[2023/05/01 15:36:02] ppcls INFO:     checkpoints : None
[2023/05/01 15:36:02] ppcls INFO:     device : gpu
[2023/05/01 15:36:02] ppcls INFO:     epochs : 100
[2023/05/01 15:36:02] ppcls INFO:     eval_during_train : True
[2023/05/01 15:36:02] ppcls INFO:     eval_interval : 1
[2023/05/01 15:36:02] ppcls INFO:     image_shape : [3, 416, 416]
[2023/05/01 15:36:02] ppcls INFO:     output_dir : ./output/cls_010523/
[2023/05/01 15:36:02] ppcls INFO:     pretrained_model : /home/aistudio/work/PaddleClas/output/cls_010523/PPLCNet_x1_
[2023/05/01 15:36:02] ppcls INFO:     print_batch_step : 10
[2023/05/01 15:36:02] ppcls INFO:     save_inference_dir : /home/aistudio/work/PaddleClas/output/cls_010523/PPLCNet_x1_/infer_mod
[2023/05/01 15:36:02] ppcls INFO:     save_interval : 50
[2023/05/01 15:36:02] ppcls INFO:     use_visualdl : False
[2023/05/01 15:36:02] ppcls INFO: Infer : 
[2023/05/01 15:36:02] ppcls INFO:     PostProcess : 
[2023/05/01 15:36:02] ppcls INFO:         class_id_map_file : /home/aistudio/work/cls/cls_label.txt
[2023/05/01 15:36:02] ppcls INFO:         name : Topk
[2023/05/01 15:36:02] ppcls INFO:         topk : 2
[2023/05/01 15:36:02] ppcls INFO:     batch_size : 10
[2023/05/01 15:36:02] ppcls INFO:     infer_imgs : deploy/images/PULC/text_image_orientation/img_rot0_demo.jpg
[2023/05/01 15:36:02] ppcls INFO:     transforms : 
[2023/05/01 15:36:02] ppcls INFO:         DecodeImage : 
[2023/05/01 15:36:02] ppcls INFO:             channel_first : False
[2023/05/01 15:36:02] ppcls INFO:             to_rgb : True
[2023/05/01 15:36:02] ppcls INFO:         ResizeImage : 
[2023/05/01 15:36:02] ppcls INFO:             resize_short : 608
[2023/05/01 15:36:02] ppcls INFO:         CropImage : 
[2023/05/01 15:36:02] ppcls INFO:             size : 608
[2023/05/01 15:36:02] ppcls INFO:         NormalizeImage : 
[2023/05/01 15:36:02] ppcls INFO:             mean : [0.485, 0.456, 0.406]
[2023/05/01 15:36:02] ppcls INFO:             order : 
[2023/05/01 15:36:02] ppcls INFO:             scale : 1.0/255.0
[2023/05/01 15:36:02] ppcls INFO:             std : [0.229, 0.224, 0.225]
[2023/05/01 15:36:02] ppcls INFO:         ToCHWImage : None
[2023/05/01 15:36:02] ppcls INFO: Loss : 
[2023/05/01 15:36:02] ppcls INFO:     Eval : 
[2023/05/01 15:36:02] ppcls INFO:         CELoss : 
[2023/05/01 15:36:02] ppcls INFO:             weight : 1.0
[2023/05/01 15:36:02] ppcls INFO:     Train : 
[2023/05/01 15:36:02] ppcls INFO:         CELoss : 
[2023/05/01 15:36:02] ppcls INFO:             epsilon : 0.1
[2023/05/01 15:36:02] ppcls INFO:             weight : 1.0
[2023/05/01 15:36:02] ppcls INFO: Metric : 
[2023/05/01 15:36:02] ppcls INFO:     Eval : 
[2023/05/01 15:36:02] ppcls INFO:         TopkAcc : 
[2023/05/01 15:36:02] ppcls INFO:             topk : [1, 2]
[2023/05/01 15:36:02] ppcls INFO:     Train : 
[2023/05/01 15:36:02] ppcls INFO:         TopkAcc : 
[2023/05/01 15:36:02] ppcls INFO:             topk : [1, 2]
[2023/05/01 15:36:02] ppcls INFO: Optimizer : 
[2023/05/01 15:36:02] ppcls INFO:     lr : 
[2023/05/01 15:36:02] ppcls INFO:         learning_rate : 0.4
[2023/05/01 15:36:02] ppcls INFO:         name : Cosine
[2023/05/01 15:36:02] ppcls INFO:         warmup_epoch : 5
[2023/05/01 15:36:02] ppcls INFO:     momentum : 0.9
[2023/05/01 15:36:02] ppcls INFO:     name : Momentum
[2023/05/01 15:36:02] ppcls INFO:     regularizer : 
[2023/05/01 15:36:02] ppcls INFO:         coeff : 3e-05
[2023/05/01 15:36:02] ppcls INFO:         name : L2
[2023/05/01 15:36:02] ppcls INFO: train with paddle 2.4.0 and device Place(gpu:0)
[2023/05/01 15:36:50] ppcls INFO: 
===========================================================
==        PaddleClas is powered by PaddlePaddle !        ==
===========================================================
==                                                       ==
==   For more info please go to the following website.   ==
==                                                       ==
==       https://github.com/PaddlePaddle/PaddleClas      ==
===========================================================

[2023/05/01 15:36:50] ppcls INFO: Arch : 
[2023/05/01 15:36:50] ppcls INFO:     class_num : 4
[2023/05/01 15:36:50] ppcls INFO:     name : PPLCNet_x1_0
[2023/05/01 15:36:50] ppcls INFO:     pretrained : False
[2023/05/01 15:36:50] ppcls INFO:     use_ssld : True
[2023/05/01 15:36:50] ppcls INFO: DataLoader : 
[2023/05/01 15:36:50] ppcls INFO:     Eval : 
[2023/05/01 15:36:50] ppcls INFO:         dataset : 
[2023/05/01 15:36:50] ppcls INFO:             cls_label_path : /home/aistudio/work/cls/val_label.txt
[2023/05/01 15:36:50] ppcls INFO:             image_root : /home/aistudio/work/cls/
[2023/05/01 15:36:50] ppcls INFO:             name : ImageNetDataset
[2023/05/01 15:36:50] ppcls INFO:             transform_ops : 
[2023/05/01 15:36:50] ppcls INFO:                 DecodeImage : 
[2023/05/01 15:36:50] ppcls INFO:                     channel_first : False
[2023/05/01 15:36:50] ppcls INFO:                     to_rgb : True
[2023/05/01 15:36:50] ppcls INFO:                 ResizeImage : 
[2023/05/01 15:36:50] ppcls INFO:                     resize_short : 608
[2023/05/01 15:36:50] ppcls INFO:                 CropImage : 
[2023/05/01 15:36:50] ppcls INFO:                     size : 608
[2023/05/01 15:36:50] ppcls INFO:                 NormalizeImage : 
[2023/05/01 15:36:50] ppcls INFO:                     mean : [0.485, 0.456, 0.406]
[2023/05/01 15:36:50] ppcls INFO:                     order : 
[2023/05/01 15:36:50] ppcls INFO:                     scale : 1.0/255.0
[2023/05/01 15:36:50] ppcls INFO:                     std : [0.229, 0.224, 0.225]
[2023/05/01 15:36:50] ppcls INFO:         loader : 
[2023/05/01 15:36:50] ppcls INFO:             num_workers : 12
[2023/05/01 15:36:50] ppcls INFO:             use_shared_memory : True
[2023/05/01 15:36:50] ppcls INFO:         sampler : 
[2023/05/01 15:36:50] ppcls INFO:             batch_size : 64
[2023/05/01 15:36:50] ppcls INFO:             drop_last : False
[2023/05/01 15:36:50] ppcls INFO:             name : DistributedBatchSampler
[2023/05/01 15:36:50] ppcls INFO:             shuffle : False
[2023/05/01 15:36:50] ppcls INFO:     Train : 
[2023/05/01 15:36:50] ppcls INFO:         dataset : 
[2023/05/01 15:36:50] ppcls INFO:             cls_label_path : /home/aistudio/work/cls/train_label.txt
[2023/05/01 15:36:50] ppcls INFO:             image_root : /home/aistudio/work/cls/
[2023/05/01 15:36:50] ppcls INFO:             name : ImageNetDataset
[2023/05/01 15:36:50] ppcls INFO:             transform_ops : 
[2023/05/01 15:36:50] ppcls INFO:                 DecodeImage : 
[2023/05/01 15:36:50] ppcls INFO:                     channel_first : False
[2023/05/01 15:36:50] ppcls INFO:                     to_rgb : True
[2023/05/01 15:36:50] ppcls INFO:                 RandCropImage : 
[2023/05/01 15:36:50] ppcls INFO:                     size : 608
[2023/05/01 15:36:50] ppcls INFO:                 TimmAutoAugment : 
[2023/05/01 15:36:50] ppcls INFO:                     config_str : rand-m9-mstd0.5-inc1
[2023/05/01 15:36:50] ppcls INFO:                     img_size : 608
[2023/05/01 15:36:50] ppcls INFO:                     interpolation : bicubic
[2023/05/01 15:36:50] ppcls INFO:                     prob : 0.0
[2023/05/01 15:36:50] ppcls INFO:                 NormalizeImage : 
[2023/05/01 15:36:50] ppcls INFO:                     mean : [0.485, 0.456, 0.406]
[2023/05/01 15:36:50] ppcls INFO:                     order : 
[2023/05/01 15:36:50] ppcls INFO:                     scale : 1.0/255.0
[2023/05/01 15:36:50] ppcls INFO:                     std : [0.229, 0.224, 0.225]
[2023/05/01 15:36:50] ppcls INFO:                 RandomErasing : 
[2023/05/01 15:36:50] ppcls INFO:                     EPSILON : 0.0
[2023/05/01 15:36:50] ppcls INFO: ------------------------------------------------------------
[2023/05/01 15:36:50] ppcls INFO:                     attempt : 10
[2023/05/01 15:36:50] ppcls INFO:                     mode : pixel
[2023/05/01 15:36:50] ppcls INFO:                     r1 : 0.3
[2023/05/01 15:36:50] ppcls INFO:                     sh : 1.0/3.0
[2023/05/01 15:36:50] ppcls INFO:                     sl : 0.02
[2023/05/01 15:36:50] ppcls INFO:                     use_log_aspect : True
[2023/05/01 15:36:50] ppcls INFO:         loader : 
[2023/05/01 15:36:50] ppcls INFO:             num_workers : 12
[2023/05/01 15:36:50] ppcls INFO:             use_shared_memory : True
[2023/05/01 15:36:50] ppcls INFO:         sampler : 
[2023/05/01 15:36:50] ppcls INFO:             batch_size : 128
[2023/05/01 15:36:50] ppcls INFO:             drop_last : False
[2023/05/01 15:36:50] ppcls INFO:             name : DistributedBatchSampler
[2023/05/01 15:36:50] ppcls INFO:             shuffle : True
[2023/05/01 15:36:50] ppcls INFO: Global : 
[2023/05/01 15:36:50] ppcls INFO:     checkpoints : None
[2023/05/01 15:36:50] ppcls INFO:     device : gpu
[2023/05/01 15:36:50] ppcls INFO:     epochs : 100
[2023/05/01 15:36:50] ppcls INFO:     eval_during_train : True
[2023/05/01 15:36:50] ppcls INFO:     eval_interval : 1
[2023/05/01 15:36:50] ppcls INFO:     image_shape : [3, 416, 416]
[2023/05/01 15:36:50] ppcls INFO:     output_dir : ./output/cls_010523/
[2023/05/01 15:36:50] ppcls INFO:     pretrained_model : /home/aistudio/work/PaddleClas/output/cls_010523/PPLCNet_x1_/best_model
[2023/05/01 15:36:50] ppcls INFO:     print_batch_step : 10
[2023/05/01 15:36:50] ppcls INFO:     save_inference_dir : /home/aistudio/work/PaddleClas/output/cls_010523/PPLCNet_x1_/infer_model
[2023/05/01 15:36:50] ppcls INFO:     save_interval : 50
[2023/05/01 15:36:50] ppcls INFO:     use_visualdl : False
[2023/05/01 15:36:50] ppcls INFO: Infer : 
[2023/05/01 15:36:50] ppcls INFO:     PostProcess : 
[2023/05/01 15:36:50] ppcls INFO:         class_id_map_file : /home/aistudio/work/cls/cls_label.txt
[2023/05/01 15:36:50] ppcls INFO:         name : Topk
[2023/05/01 15:36:50] ppcls INFO:         topk : 2
[2023/05/01 15:36:50] ppcls INFO:     batch_size : 10
[2023/05/01 15:36:50] ppcls INFO:     infer_imgs : deploy/images/PULC/text_image_orientation/img_rot0_demo.jpg
[2023/05/01 15:36:50] ppcls INFO:     transforms : 
[2023/05/01 15:36:50] ppcls INFO:         DecodeImage : 
[2023/05/01 15:36:50] ppcls INFO:             channel_first : False
[2023/05/01 15:36:50] ppcls INFO:             to_rgb : True
[2023/05/01 15:36:50] ppcls INFO:         ResizeImage : 
[2023/05/01 15:36:50] ppcls INFO:             resize_short : 608
[2023/05/01 15:36:50] ppcls INFO:         CropImage : 
[2023/05/01 15:36:50] ppcls INFO:             size : 608
[2023/05/01 15:36:50] ppcls INFO:         NormalizeImage : 
[2023/05/01 15:36:50] ppcls INFO:             mean : [0.485, 0.456, 0.406]
[2023/05/01 15:36:50] ppcls INFO:             order : 
[2023/05/01 15:36:50] ppcls INFO:             scale : 1.0/255.0
[2023/05/01 15:36:50] ppcls INFO:             std : [0.229, 0.224, 0.225]
[2023/05/01 15:36:50] ppcls INFO:         ToCHWImage : None
[2023/05/01 15:36:50] ppcls INFO: Loss : 
[2023/05/01 15:36:50] ppcls INFO:     Eval : 
[2023/05/01 15:36:50] ppcls INFO:         CELoss : 
[2023/05/01 15:36:50] ppcls INFO:             weight : 1.0
[2023/05/01 15:36:50] ppcls INFO:     Train : 
[2023/05/01 15:36:50] ppcls INFO:         CELoss : 
[2023/05/01 15:36:50] ppcls INFO:             epsilon : 0.1
[2023/05/01 15:36:50] ppcls INFO:             weight : 1.0
[2023/05/01 15:36:50] ppcls INFO: Metric : 
[2023/05/01 15:36:50] ppcls INFO:     Eval : 
[2023/05/01 15:36:50] ppcls INFO:         TopkAcc : 
[2023/05/01 15:36:50] ppcls INFO:             topk : [1, 2]
[2023/05/01 15:36:50] ppcls INFO:     Train : 
[2023/05/01 15:36:50] ppcls INFO:         TopkAcc : 
[2023/05/01 15:36:50] ppcls INFO:             topk : [1, 2]
[2023/05/01 15:36:50] ppcls INFO: Optimizer : 
[2023/05/01 15:36:50] ppcls INFO:     lr : 
[2023/05/01 15:36:50] ppcls INFO:         learning_rate : 0.4
[2023/05/01 15:36:50] ppcls INFO:         name : Cosine
[2023/05/01 15:36:50] ppcls INFO:         warmup_epoch : 5
[2023/05/01 15:36:50] ppcls INFO:     momentum : 0.9
[2023/05/01 15:36:50] ppcls INFO:     name : Momentum
[2023/05/01 15:36:50] ppcls INFO:     regularizer : 
[2023/05/01 15:36:50] ppcls INFO:         coeff : 3e-05
[2023/05/01 15:36:50] ppcls INFO:         name : L2
[2023/05/01 15:36:50] ppcls INFO: train with paddle 2.4.0 and device Place(gpu:0)
[2023/05/01 15:37:26] ppcls INFO: 
===========================================================
==        PaddleClas is powered by PaddlePaddle !        ==
===========================================================
==                                                       ==
==   For more info please go to the following website.   ==
==                                                       ==
==       https://github.com/PaddlePaddle/PaddleClas      ==
===========================================================

[2023/05/01 15:37:26] ppcls INFO: Arch : 
[2023/05/01 15:37:26] ppcls INFO:     class_num : 4
[2023/05/01 15:37:26] ppcls INFO:     name : PPLCNet_x1_0
[2023/05/01 15:37:26] ppcls INFO:     pretrained : False
[2023/05/01 15:37:26] ppcls INFO:     use_ssld : True
[2023/05/01 15:37:26] ppcls INFO: DataLoader : 
[2023/05/01 15:37:26] ppcls INFO:     Eval : 
[2023/05/01 15:37:26] ppcls INFO:         dataset : 
[2023/05/01 15:37:26] ppcls INFO:             cls_label_path : /home/aistudio/work/cls/val_label.txt
[2023/05/01 15:37:26] ppcls INFO:             image_root : /home/aistudio/work/cls/
[2023/05/01 15:37:26] ppcls INFO:             name : ImageNetDataset
[2023/05/01 15:37:26] ppcls INFO:             transform_ops : 
[2023/05/01 15:37:26] ppcls INFO:                 DecodeImage : 
[2023/05/01 15:37:26] ppcls INFO:                     channel_first : False
[2023/05/01 15:37:26] ppcls INFO:                     to_rgb : True
[2023/05/01 15:37:26] ppcls INFO:                 ResizeImage : 
[2023/05/01 15:37:26] ppcls INFO:                     resize_short : 608
[2023/05/01 15:37:26] ppcls INFO:                 CropImage : 
[2023/05/01 15:37:26] ppcls INFO:                     size : 608
[2023/05/01 15:37:26] ppcls INFO:                 NormalizeImage : 
[2023/05/01 15:37:26] ppcls INFO:                     mean : [0.485, 0.456, 0.406]
[2023/05/01 15:37:26] ppcls INFO:                     order : 
[2023/05/01 15:37:26] ppcls INFO:                     scale : 1.0/255.0
[2023/05/01 15:37:26] ppcls INFO:                     std : [0.229, 0.224, 0.225]
[2023/05/01 15:37:26] ppcls INFO:         loader : 
[2023/05/01 15:37:26] ppcls INFO:             num_workers : 12
[2023/05/01 15:37:26] ppcls INFO:             use_shared_memory : True
[2023/05/01 15:37:26] ppcls INFO:         sampler : 
[2023/05/01 15:37:26] ppcls INFO:             batch_size : 64
[2023/05/01 15:37:26] ppcls INFO:             drop_last : False
[2023/05/01 15:37:26] ppcls INFO:             name : DistributedBatchSampler
[2023/05/01 15:37:26] ppcls INFO:             shuffle : False
[2023/05/01 15:37:26] ppcls INFO:     Train : 
[2023/05/01 15:37:26] ppcls INFO:         dataset : 
[2023/05/01 15:37:26] ppcls INFO:             cls_label_path : /home/aistudio/work/cls/train_label.txt
[2023/05/01 15:37:26] ppcls INFO:             image_root : /home/aistudio/work/cls/
[2023/05/01 15:37:26] ppcls INFO:             name : ImageNetDataset
[2023/05/01 15:37:26] ppcls INFO:             transform_ops : 
[2023/05/01 15:37:26] ppcls INFO:                 DecodeImage : 
[2023/05/01 15:37:26] ppcls INFO:                     channel_first : False
[2023/05/01 15:37:26] ppcls INFO:                     to_rgb : True
[2023/05/01 15:37:26] ppcls INFO:                 RandCropImage : 
[2023/05/01 15:37:26] ppcls INFO:                     size : 608
[2023/05/01 15:37:26] ppcls INFO:                 TimmAutoAugment : 
[2023/05/01 15:37:26] ppcls INFO:                     config_str : rand-m9-mstd0.5-inc1
[2023/05/01 15:37:26] ppcls INFO:                     img_size : 608
[2023/05/01 15:37:26] ppcls INFO:                     interpolation : bicubic
[2023/05/01 15:37:26] ppcls INFO:                     prob : 0.0
[2023/05/01 15:37:26] ppcls INFO:                 NormalizeImage : 
[2023/05/01 15:37:26] ppcls INFO:                     mean : [0.485, 0.456, 0.406]
[2023/05/01 15:37:26] ppcls INFO:                     order : 
[2023/05/01 15:37:26] ppcls INFO:                     scale : 1.0/255.0
[2023/05/01 15:37:26] ppcls INFO:                     std : [0.229, 0.224, 0.225]
[2023/05/01 15:37:26] ppcls INFO:                 RandomErasing : 
[2023/05/01 15:37:26] ppcls INFO:                     EPSILON : 0.0
[2023/05/01 15:37:26] ppcls INFO: ------------------------------------------------------------
[2023/05/01 15:37:26] ppcls INFO:                     attempt : 10
[2023/05/01 15:37:26] ppcls INFO:                     mode : pixel
[2023/05/01 15:37:26] ppcls INFO:                     r1 : 0.3
[2023/05/01 15:37:26] ppcls INFO:                     sh : 1.0/3.0
[2023/05/01 15:37:26] ppcls INFO:                     sl : 0.02
[2023/05/01 15:37:26] ppcls INFO:                     use_log_aspect : True
[2023/05/01 15:37:26] ppcls INFO:         loader : 
[2023/05/01 15:37:26] ppcls INFO:             num_workers : 12
[2023/05/01 15:37:26] ppcls INFO:             use_shared_memory : True
[2023/05/01 15:37:26] ppcls INFO:         sampler : 
[2023/05/01 15:37:26] ppcls INFO:             batch_size : 128
[2023/05/01 15:37:26] ppcls INFO:             drop_last : False
[2023/05/01 15:37:26] ppcls INFO:             name : DistributedBatchSampler
[2023/05/01 15:37:26] ppcls INFO:             shuffle : True
[2023/05/01 15:37:26] ppcls INFO: Global : 
[2023/05/01 15:37:26] ppcls INFO:     checkpoints : None
[2023/05/01 15:37:26] ppcls INFO:     device : gpu
[2023/05/01 15:37:26] ppcls INFO:     epochs : 100
[2023/05/01 15:37:26] ppcls INFO:     eval_during_train : True
[2023/05/01 15:37:26] ppcls INFO:     eval_interval : 1
[2023/05/01 15:37:26] ppcls INFO:     image_shape : [3, 416, 416]
[2023/05/01 15:37:26] ppcls INFO:     output_dir : ./output/cls_010523/
[2023/05/01 15:37:26] ppcls INFO:     pretrained_model : /home/aistudio/work/PaddleClas/output/cls_010523/PPLCNet_x1_0/best_model
[2023/05/01 15:37:26] ppcls INFO:     print_batch_step : 10
[2023/05/01 15:37:26] ppcls INFO:     save_inference_dir : /home/aistudio/work/PaddleClas/output/cls_010523/PPLCNet_x1_0/infer_model
[2023/05/01 15:37:26] ppcls INFO:     save_interval : 50
[2023/05/01 15:37:26] ppcls INFO:     use_visualdl : False
[2023/05/01 15:37:26] ppcls INFO: Infer : 
[2023/05/01 15:37:26] ppcls INFO:     PostProcess : 
[2023/05/01 15:37:26] ppcls INFO:         class_id_map_file : /home/aistudio/work/cls/cls_label.txt
[2023/05/01 15:37:26] ppcls INFO:         name : Topk
[2023/05/01 15:37:26] ppcls INFO:         topk : 2
[2023/05/01 15:37:26] ppcls INFO:     batch_size : 10
[2023/05/01 15:37:26] ppcls INFO:     infer_imgs : deploy/images/PULC/text_image_orientation/img_rot0_demo.jpg
[2023/05/01 15:37:26] ppcls INFO:     transforms : 
[2023/05/01 15:37:26] ppcls INFO:         DecodeImage : 
[2023/05/01 15:37:26] ppcls INFO:             channel_first : False
[2023/05/01 15:37:26] ppcls INFO:             to_rgb : True
[2023/05/01 15:37:26] ppcls INFO:         ResizeImage : 
[2023/05/01 15:37:26] ppcls INFO:             resize_short : 608
[2023/05/01 15:37:26] ppcls INFO:         CropImage : 
[2023/05/01 15:37:26] ppcls INFO:             size : 608
[2023/05/01 15:37:26] ppcls INFO:         NormalizeImage : 
[2023/05/01 15:37:26] ppcls INFO:             mean : [0.485, 0.456, 0.406]
[2023/05/01 15:37:26] ppcls INFO:             order : 
[2023/05/01 15:37:26] ppcls INFO:             scale : 1.0/255.0
[2023/05/01 15:37:26] ppcls INFO:             std : [0.229, 0.224, 0.225]
[2023/05/01 15:37:26] ppcls INFO:         ToCHWImage : None
[2023/05/01 15:37:26] ppcls INFO: Loss : 
[2023/05/01 15:37:26] ppcls INFO:     Eval : 
[2023/05/01 15:37:26] ppcls INFO:         CELoss : 
[2023/05/01 15:37:26] ppcls INFO:             weight : 1.0
[2023/05/01 15:37:26] ppcls INFO:     Train : 
[2023/05/01 15:37:26] ppcls INFO:         CELoss : 
[2023/05/01 15:37:26] ppcls INFO:             epsilon : 0.1
[2023/05/01 15:37:26] ppcls INFO:             weight : 1.0
[2023/05/01 15:37:26] ppcls INFO: Metric : 
[2023/05/01 15:37:26] ppcls INFO:     Eval : 
[2023/05/01 15:37:26] ppcls INFO:         TopkAcc : 
[2023/05/01 15:37:26] ppcls INFO:             topk : [1, 2]
[2023/05/01 15:37:26] ppcls INFO:     Train : 
[2023/05/01 15:37:26] ppcls INFO:         TopkAcc : 
[2023/05/01 15:37:26] ppcls INFO:             topk : [1, 2]
[2023/05/01 15:37:26] ppcls INFO: Optimizer : 
[2023/05/01 15:37:26] ppcls INFO:     lr : 
[2023/05/01 15:37:26] ppcls INFO:         learning_rate : 0.4
[2023/05/01 15:37:26] ppcls INFO:         name : Cosine
[2023/05/01 15:37:26] ppcls INFO:         warmup_epoch : 5
[2023/05/01 15:37:26] ppcls INFO:     momentum : 0.9
[2023/05/01 15:37:26] ppcls INFO:     name : Momentum
[2023/05/01 15:37:26] ppcls INFO:     regularizer : 
[2023/05/01 15:37:26] ppcls INFO:         coeff : 3e-05
[2023/05/01 15:37:26] ppcls INFO:         name : L2
[2023/05/01 15:37:26] ppcls INFO: train with paddle 2.4.0 and device Place(gpu:0)
[2023/05/01 15:37:28] ppcls INFO: Export succeeded! The inference model exported has been saved in "/home/aistudio/work/PaddleClas/output/cls_010523/PPLCNet_x1_0/infer_model".
